#
# A fatal error has been detected by the Java Runtime Environment:
#
#  SIGSEGV (0xb) at pc=0x0000000106d3337c, pid=2669, tid=20227
#
# JRE version: Java(TM) SE Runtime Environment (7.0_51-b13) (build 1.7.0_51-b13)
# Java VM: Java HotSpot(TM) 64-Bit Server VM (24.51-b03 mixed mode bsd-amd64 compressed oops)
# Problematic frame:
# V  [libjvm.dylib+0x33337c]
#
# Failed to write core dump. Core dumps have been disabled. To enable core dumping, try "ulimit -c unlimited" before starting Java again
#
# If you would like to submit a bug report, please visit:
#   http://bugreport.sun.com/bugreport/crash.jsp
#

---------------  T H R E A D  ---------------

Current thread (0x00007fd5b6800000):  JavaThread "JDWP Transport Listener: dt_socket" daemon [_thread_in_vm, id=20227, stack(0x0000000111f78000,0x0000000112078000)]

siginfo:si_signo=SIGSEGV: si_errno=0, si_code=0 (SEGV0), si_addr=0x0000000000000000

Registers:
RAX=0x0000000000000001, RBX=0x0000000112077a8b, RCX=0x00000000000fc080, RDX=0x0000000112077a8b
RSP=0x00000001120779f0, RBP=0x0000000112077a40, RSI=0x00007fd5b6800000, RDI=0x00007fd5b4001650
R8 =0x00007fd5b2643390, R9 =0x0000000000000000, R10=0x00000000436aed53, R11=0x00000000d2bcbe03
R12=0x00007fd5b6800000, R13=0x6665722e6e75730d, R14=0x6665722e6e75730d, R15=0x00007fd5b4001650
RIP=0x0000000106d3337c, EFLAGS=0x0000000000010202, ERR=0x0000000000000000
  TRAPNO=0x000000000000000d

Top of Stack: (sp=0x00000001120779f0)
0x00000001120779f0:   00007fd5b6800000 0000000000000000
0x0000000112077a00:   0000000000000000 0000000000000000
0x0000000112077a10:   00007fd5b6800000 00007fd5b6800000
0x0000000112077a20:   0000000112077a8b 0000000112077a90
0x0000000112077a30:   6665722e6e75730d 0000000000000003
0x0000000112077a40:   0000000112077a60 000000010599e1f8
0x0000000112077a50:   0000000000000001 0000000112077b08
0x0000000112077a60:   0000000112077ad0 000000010598302b
0x0000000112077a70:   0000000112077aa0 00007fd5b26431f0
0x0000000112077a80:   0000000400000032 0000000a00077b08
0x0000000112077a90:   0000000000000000 0000000000000000
0x0000000112077aa0:   0000000000000000 0000000112077c90
0x0000000112077ab0:   00000001059a5dc0 00007fd5b40089f0
0x0000000112077ac0:   0000000112077b08 00000001059b1578
0x0000000112077ad0:   0000000112077ae0 0000000105983124
0x0000000112077ae0:   0000000112077d00 000000010598c6b2
0x0000000112077af0:   000003f200000013 00000000000f0200
0x0000000112077b00:   00007fd5b40083c0 00007fd5b26455b6
0x0000000112077b10:   00007fd5000001e2 00007fd5b26169f0
0x0000000112077b20:   00007fd50000012c 0000000112077b58
0x0000000112077b30:   00007fd5b26169f0 00007f0000000000
0x0000000112077b40:   000003f20000000b 00007fff00008e80
0x0000000112077b50:   0000000112077b58 d57f000004000000
0x0000000112077b60:   15000000681370b2 43737365636f7270
0x0000000112077b70:   4f534a746e65696c 000000617461444e
0x0000000112077b80:   6a2f67726f4c2840 4e4f534a2f6e6f73
0x0000000112077b90:   293b7463656a624f 656e65676769704c
0x0000000112077ba0:   696c61697265732f 772f6e6f69746173
0x0000000112077bb0:   2f776f6c666b726f 776f6c666b726f57
0x0000000112077bc0:   000000000000003b 1370b2d57f000009
0x0000000112077bd0:   6e6f631500000080 4e4f534a74726576
0x0000000112077be0:   6e656e6f706d6f43 4c28260000007374 

Instructions: (pc=0x0000000106d3337c)
0x0000000106d3335c:   00 00 00 41 f6 87 68 01 00 00 10 75 07 b8 63 00
0x0000000106d3336c:   00 00 eb 7a 4d 85 f6 75 07 b8 17 00 00 00 eb 6e
0x0000000106d3337c:   4d 8b 36 48 b8 fe fe fe fe fe fe fe fe 49 39 c6
0x0000000106d3338c:   74 e7 4d 85 f6 74 e2 48 8d 05 f6 f8 4c 00 80 38 

Register to memory mapping:

RAX=0x0000000000000001 is an unknown value
RBX=0x0000000112077a8b is pointing into the stack for thread: 0x00007fd5b6800000
RCX=0x00000000000fc080 is an unknown value
RDX=0x0000000112077a8b is pointing into the stack for thread: 0x00007fd5b6800000
RSP=0x00000001120779f0 is pointing into the stack for thread: 0x00007fd5b6800000
RBP=0x0000000112077a40 is pointing into the stack for thread: 0x00007fd5b6800000
RSI=0x00007fd5b6800000 is a thread
RDI=0x00007fd5b4001650 is an unknown value
R8 =0x00007fd5b2643390 is an unknown value
R9 =0x0000000000000000 is an unknown value
R10=0x00000000436aed53 is an unknown value
R11=0x00000000d2bcbe03 is an unknown value
R12=0x00007fd5b6800000 is a thread
R13=0x6665722e6e75730d is an unknown value
R14=0x6665722e6e75730d is an unknown value
R15=0x00007fd5b4001650 is an unknown value


Stack: [0x0000000111f78000,0x0000000112078000],  sp=0x00000001120779f0,  free space=1022k
Native frames: (J=compiled Java code, j=interpreted, Vv=VM code, C=native code)
V  [libjvm.dylib+0x33337c]
C  [libjdwp.dylib+0x201f8]  isMethodSynthetic+0x63
C  [libjdwp.dylib+0x502b]  methods1+0x10b
C  [libjdwp.dylib+0x5124]  methodsWithGeneric+0xe
C  [libjdwp.dylib+0xe6b2]  debugLoop_run+0x1ce
C  [libjdwp.dylib+0x1f132]  attachThread+0x4d
V  [libjvm.dylib+0x373f9e]
V  [libjvm.dylib+0x4efb57]
V  [libjvm.dylib+0x4f125f]
V  [libjvm.dylib+0x41b1d6]
C  [libsystem_pthread.dylib+0x1899]  _pthread_body+0x8a
C  [libsystem_pthread.dylib+0x172a]  _pthread_struct_init+0x0
C  [libsystem_pthread.dylib+0x5fc9]  thread_start+0xd


---------------  P R O C E S S  ---------------

Java Threads: ( => current thread )
  0x00007fd5b680d000 JavaThread "qtp1461703237-27" [_thread_blocked, id=17463, stack(0x0000000111d69000,0x0000000111e69000)]
  0x00007fd5b309b000 JavaThread "qtp1461703237-15" [_thread_blocked, id=24327, stack(0x0000000112f25000,0x0000000113025000)]
  0x00007fd5b3025800 JavaThread "DestroyJavaVM" [_thread_blocked, id=6403, stack(0x000000010583e000,0x000000010593e000)]
  0x00007fd5b3001000 JavaThread "qtp1461703237-12 - Acceptor0 SelectChannelConnector@0.0.0.0:8080" [_thread_in_native, id=23811, stack(0x0000000112e22000,0x0000000112f22000)]
  0x00007fd5b5000800 JavaThread "Service Thread" daemon [_thread_blocked, id=22787, stack(0x0000000112487000,0x0000000112587000)]
  0x00007fd5b582d000 JavaThread "C2 CompilerThread1" daemon [_thread_blocked, id=22275, stack(0x0000000112384000,0x0000000112484000)]
  0x00007fd5b582c000 JavaThread "C2 CompilerThread0" daemon [_thread_blocked, id=21763, stack(0x0000000112281000,0x0000000112381000)]
  0x00007fd5b6801800 JavaThread "JDWP Command Reader" daemon [_thread_in_native, id=21251, stack(0x000000011217e000,0x000000011227e000)]
  0x00007fd5b6801000 JavaThread "JDWP Event Helper Thread" daemon [_thread_blocked, id=20739, stack(0x000000011207b000,0x000000011217b000)]
=>0x00007fd5b6800000 JavaThread "JDWP Transport Listener: dt_socket" daemon [_thread_in_vm, id=20227, stack(0x0000000111f78000,0x0000000112078000)]
  0x00007fd5b381e000 JavaThread "Signal Dispatcher" daemon [_thread_blocked, id=19715, stack(0x0000000111e6f000,0x0000000111f6f000)]
  0x00007fd5b3022800 JavaThread "Finalizer" daemon [_thread_blocked, id=14595, stack(0x0000000111c20000,0x0000000111d20000)]
  0x00007fd5b581c000 JavaThread "Reference Handler" daemon [_thread_blocked, id=14083, stack(0x0000000111b1d000,0x0000000111c1d000)]

Other Threads:
  0x00007fd5b3815800 VMThread [stack: 0x0000000111a1a000,0x0000000111b1a000] [id=13571]
  0x00007fd5b600d800 WatcherThread [stack: 0x000000011258a000,0x000000011268a000] [id=23299]

VM state:not at safepoint (normal execution)

VM Mutex/Monitor currently owned by a thread: None

Heap
 PSYoungGen      total 38912K, used 24594K [0x00000007d5500000, 0x00000007d8000000, 0x0000000800000000)
  eden space 33792K, 72% used [0x00000007d5500000,0x00000007d6d04b68,0x00000007d7600000)
  from space 5120K, 0% used [0x00000007d7b00000,0x00000007d7b00000,0x00000007d8000000)
  to   space 5120K, 0% used [0x00000007d7600000,0x00000007d7600000,0x00000007d7b00000)
 ParOldGen       total 87040K, used 0K [0x0000000780000000, 0x0000000785500000, 0x00000007d5500000)
  object space 87040K, 0% used [0x0000000780000000,0x0000000780000000,0x0000000785500000)
 PSPermGen       total 21504K, used 8367K [0x000000077ae00000, 0x000000077c300000, 0x0000000780000000)
  object space 21504K, 38% used [0x000000077ae00000,0x000000077b62be98,0x000000077c300000)

Card table byte_map: [0x000000010a513000,0x000000010a93d000] byte_map_base: 0x000000010693c000

Polling page: 0x000000010597d000

Code Cache  [0x0000000107453000, 0x00000001076c3000, 0x000000010a453000)
 total_blobs=317 nmethods=65 adapters=214 free_code_cache=48581Kb largest_free_block=49731456

Compilation events (10 events):
Event: 343.857 Thread 0x00007fd5b582c000   62             java.util.Arrays::fill (21 bytes)
Event: 343.860 Thread 0x00007fd5b582c000 nmethod 62 0x00000001074d4350 code [0x00000001074d44a0, 0x00000001074d4658]
Event: 363.898 Thread 0x00007fd5b582d000   63 %           java.util.Arrays::fill @ 5 (21 bytes)
Event: 363.906 Thread 0x00007fd5b582d000 nmethod 63% 0x00000001074e3390 code [0x00000001074e34e0, 0x00000001074e3a78]
Event: 364.299 Thread 0x00007fd5b582c000   64             java.util.Arrays::fill (21 bytes)
Event: 364.305 Thread 0x00007fd5b582c000 nmethod 64 0x00000001074e2cd0 code [0x00000001074e2e20, 0x00000001074e3258]
Event: 446.057 Thread 0x00007fd5b582d000   66             java.util.concurrent.atomic.AtomicInteger::get (5 bytes)
Event: 446.058 Thread 0x00007fd5b582d000 nmethod 66 0x00000001074d7690 code [0x00000001074d77c0, 0x00000001074d7818]
Event: 576.721 Thread 0x00007fd5b582c000   67             java.util.concurrent.locks.AbstractOwnableSynchronizer::setExclusiveOwnerThread (6 bytes)
Event: 576.722 Thread 0x00007fd5b582c000 nmethod 67 0x00000001074e3f10 code [0x00000001074e4040, 0x00000001074e40b8]

GC Heap History (0 events):
No events

Deoptimization events (5 events):
Event: 240.463 Thread 0x00007fd5b3001000 Uncommon trap: reason=predicate action=maybe_recompile pc=0x00000001074d7b1c method=java.util.Arrays.fill([Ljava/lang/Object;Ljava/lang/Object;)V @ 10
Event: 344.260 Thread 0x00007fd5b3001000 Uncommon trap: reason=array_check action=maybe_recompile pc=0x00000001074d4608 method=java.util.Arrays.fill([Ljava/lang/Object;Ljava/lang/Object;)V @ 13
Event: 344.661 Thread 0x00007fd5b3001000 Uncommon trap: reason=array_check action=maybe_recompile pc=0x00000001074d4608 method=java.util.Arrays.fill([Ljava/lang/Object;Ljava/lang/Object;)V @ 13
Event: 345.062 Thread 0x00007fd5b3001000 Uncommon trap: reason=array_check action=maybe_recompile pc=0x00000001074d4608 method=java.util.Arrays.fill([Ljava/lang/Object;Ljava/lang/Object;)V @ 13
Event: 345.464 Thread 0x00007fd5b3001000 Uncommon trap: reason=array_check action=maybe_recompile pc=0x00000001074d4608 method=java.util.Arrays.fill([Ljava/lang/Object;Ljava/lang/Object;)V @ 13

Internal exceptions (10 events):
Event: 4.904 Thread 0x00007fd5b309b000 Threw 0x00000007d6a6e220 at /HUDSON/workspace/7u-2-build-macosx-x86_64/jdk7u51/527/hotspot/src/share/vm/prims/jvm.cpp:1244
Event: 4.905 Thread 0x00007fd5b309b000 Threw 0x00000007d6a76c78 at /HUDSON/workspace/7u-2-build-macosx-x86_64/jdk7u51/527/hotspot/src/share/vm/prims/jvm.cpp:1244
Event: 96.325 Thread 0x00007fd5b309b000 Threw 0x00000007d6a7a1e8 at /HUDSON/workspace/7u-2-build-macosx-x86_64/jdk7u51/527/hotspot/src/share/vm/prims/jvm.cpp:1244
Event: 96.326 Thread 0x00007fd5b309b000 Threw 0x00000007d6a82260 at /HUDSON/workspace/7u-2-build-macosx-x86_64/jdk7u51/527/hotspot/src/share/vm/prims/jvm.cpp:1244
Event: 97.361 Thread 0x00007fd5b309b000 Threw 0x00000007d6a87638 at /HUDSON/workspace/7u-2-build-macosx-x86_64/jdk7u51/527/hotspot/src/share/vm/prims/jvm.cpp:1244
Event: 97.366 Thread 0x00007fd5b309b000 Threw 0x00000007d6a8c3f0 at /HUDSON/workspace/7u-2-build-macosx-x86_64/jdk7u51/527/hotspot/src/share/vm/prims/jvm.cpp:1244
Event: 97.370 Thread 0x00007fd5b309b000 Threw 0x00000007d6a97a10 at /HUDSON/workspace/7u-2-build-macosx-x86_64/jdk7u51/527/hotspot/src/share/vm/prims/jvm.cpp:1244
Event: 97.372 Thread 0x00007fd5b309b000 Threw 0x00000007d6a9d628 at /HUDSON/workspace/7u-2-build-macosx-x86_64/jdk7u51/527/hotspot/src/share/vm/prims/jvm.cpp:1244
Event: 97.376 Thread 0x00007fd5b309b000 Threw 0x00000007d6aa92d8 at /HUDSON/workspace/7u-2-build-macosx-x86_64/jdk7u51/527/hotspot/src/share/vm/prims/jvm.cpp:1244
Event: 99.522 Thread 0x00007fd5b309b000 Threw 0x00000007d6ab2628 at /HUDSON/workspace/7u-2-build-macosx-x86_64/jdk7u51/527/hotspot/src/share/vm/prims/jvm.cpp:1244

Events (10 events):
Event: 686.557 Executing VM operation: RedefineClasses
Event: 686.557 Executing VM operation: RedefineClasses done
Event: 686.559 Executing VM operation: EnterInterpOnlyMode
Event: 686.559 Executing VM operation: EnterInterpOnlyMode done
Event: 686.559 Executing VM operation: GetCurrentLocation
Event: 686.559 Executing VM operation: GetCurrentLocation done
Event: 686.559 Executing VM operation: ChangeSingleStep
Event: 686.559 Executing VM operation: ChangeSingleStep done
Event: 686.559 Executing VM operation: ChangeSingleStep
Event: 686.559 Executing VM operation: ChangeSingleStep done


Dynamic libraries:
0x0000000002341000 	/System/Library/Frameworks/Cocoa.framework/Versions/A/Cocoa
0x0000000002341000 	/System/Library/Frameworks/Security.framework/Versions/A/Security
0x0000000002341000 	/System/Library/Frameworks/ApplicationServices.framework/Versions/A/ApplicationServices
0x0000000002341000 	/usr/lib/libz.1.dylib
0x0000000002341000 	/usr/lib/libSystem.B.dylib
0x0000000002341000 	/usr/lib/libobjc.A.dylib
0x0000000002341000 	/System/Library/Frameworks/CoreFoundation.framework/Versions/A/CoreFoundation
0x0000000002341000 	/System/Library/Frameworks/Foundation.framework/Versions/C/Foundation
0x0000000002341000 	/System/Library/Frameworks/AppKit.framework/Versions/C/AppKit
0x0000000002341000 	/System/Library/Frameworks/CoreData.framework/Versions/A/CoreData
0x0000000002341000 	/System/Library/PrivateFrameworks/RemoteViewServices.framework/Versions/A/RemoteViewServices
0x0000000002341000 	/System/Library/Frameworks/AudioToolbox.framework/Versions/A/AudioToolbox
0x0000000002341000 	/System/Library/Frameworks/AudioUnit.framework/Versions/A/AudioUnit
0x0000000002341000 	/System/Library/PrivateFrameworks/DataDetectorsCore.framework/Versions/A/DataDetectorsCore
0x0000000002341000 	/System/Library/PrivateFrameworks/DesktopServicesPriv.framework/Versions/A/DesktopServicesPriv
0x0000000002341000 	/System/Library/Frameworks/Carbon.framework/Versions/A/Frameworks/HIToolbox.framework/Versions/A/HIToolbox
0x0000000002341000 	/System/Library/Frameworks/QuartzCore.framework/Versions/A/QuartzCore
0x0000000002341000 	/System/Library/Frameworks/Carbon.framework/Versions/A/Frameworks/SpeechRecognition.framework/Versions/A/SpeechRecognition
0x0000000002341000 	/usr/lib/libauto.dylib
0x0000000002341000 	/usr/lib/libicucore.A.dylib
0x0000000002341000 	/usr/lib/libxml2.2.dylib
0x0000000002341000 	/System/Library/PrivateFrameworks/CoreUI.framework/Versions/A/CoreUI
0x0000000002341000 	/System/Library/Frameworks/CoreAudio.framework/Versions/A/CoreAudio
0x0000000002341000 	/System/Library/Frameworks/DiskArbitration.framework/Versions/A/DiskArbitration
0x0000000002341000 	/usr/lib/liblangid.dylib
0x0000000002341000 	/System/Library/PrivateFrameworks/MultitouchSupport.framework/Versions/A/MultitouchSupport
0x0000000002341000 	/System/Library/Frameworks/IOKit.framework/Versions/A/IOKit
0x0000000002341000 	/usr/lib/libDiagnosticMessagesClient.dylib
0x0000000002341000 	/System/Library/Frameworks/CoreServices.framework/Versions/A/CoreServices
0x0000000002341000 	/System/Library/PrivateFrameworks/PerformanceAnalysis.framework/Versions/A/PerformanceAnalysis
0x0000000002341000 	/System/Library/PrivateFrameworks/GenerationalStorage.framework/Versions/A/GenerationalStorage
0x0000000002341000 	/System/Library/Frameworks/OpenGL.framework/Versions/A/OpenGL
0x0000000002341000 	/System/Library/PrivateFrameworks/Sharing.framework/Versions/A/Sharing
0x0000000002341000 	/System/Library/Frameworks/ImageIO.framework/Versions/A/ImageIO
0x0000000002341000 	/System/Library/Frameworks/CoreText.framework/Versions/A/CoreText
0x0000000002341000 	/System/Library/Frameworks/CoreGraphics.framework/Versions/A/CoreGraphics
0x0000000002341000 	/System/Library/PrivateFrameworks/Backup.framework/Versions/A/Backup
0x0000000002341000 	/System/Library/Frameworks/CFNetwork.framework/Versions/A/CFNetwork
0x0000000002341000 	/System/Library/Frameworks/SystemConfiguration.framework/Versions/A/SystemConfiguration
0x0000000002341000 	/usr/lib/libCRFSuite.dylib
0x0000000002341000 	/usr/lib/libc++.1.dylib
0x0000000002341000 	/usr/lib/libc++abi.dylib
0x0000000002341000 	/usr/lib/system/libcache.dylib
0x0000000002341000 	/usr/lib/system/libcommonCrypto.dylib
0x0000000002341000 	/usr/lib/system/libcompiler_rt.dylib
0x0000000002341000 	/usr/lib/system/libcopyfile.dylib
0x0000000002341000 	/usr/lib/system/libcorecrypto.dylib
0x0000000002341000 	/usr/lib/system/libdispatch.dylib
0x0000000002341000 	/usr/lib/system/libdyld.dylib
0x0000000002341000 	/usr/lib/system/libkeymgr.dylib
0x0000000002341000 	/usr/lib/system/liblaunch.dylib
0x0000000002341000 	/usr/lib/system/libmacho.dylib
0x0000000002341000 	/usr/lib/system/libquarantine.dylib
0x0000000002341000 	/usr/lib/system/libremovefile.dylib
0x0000000002341000 	/usr/lib/system/libsystem_asl.dylib
0x0000000002341000 	/usr/lib/system/libsystem_blocks.dylib
0x0000000002341000 	/usr/lib/system/libsystem_c.dylib
0x0000000002341000 	/usr/lib/system/libsystem_configuration.dylib
0x0000000002341000 	/usr/lib/system/libsystem_dnssd.dylib
0x0000000002341000 	/usr/lib/system/libsystem_info.dylib
0x0000000002341000 	/usr/lib/system/libsystem_kernel.dylib
0x0000000002341000 	/usr/lib/system/libsystem_m.dylib
0x0000000002341000 	/usr/lib/system/libsystem_malloc.dylib
0x0000000002341000 	/usr/lib/system/libsystem_network.dylib
0x0000000002341000 	/usr/lib/system/libsystem_notify.dylib
0x0000000002341000 	/usr/lib/system/libsystem_platform.dylib
0x0000000002341000 	/usr/lib/system/libsystem_pthread.dylib
0x0000000002341000 	/usr/lib/system/libsystem_sandbox.dylib
0x0000000002341000 	/usr/lib/system/libsystem_stats.dylib
0x0000000002341000 	/usr/lib/system/libunc.dylib
0x0000000002341000 	/usr/lib/system/libunwind.dylib
0x0000000002341000 	/usr/lib/system/libxpc.dylib
0x0000000002341000 	/usr/lib/libbsm.0.dylib
0x0000000002341000 	/usr/lib/libsqlite3.dylib
0x0000000002341000 	/usr/lib/libxar.1.dylib
0x0000000002341000 	/usr/lib/libpam.2.dylib
0x0000000002341000 	/usr/lib/libOpenScriptingUtil.dylib
0x0000000002341000 	/usr/lib/libbz2.1.0.dylib
0x0000000002341000 	/System/Library/Frameworks/CoreServices.framework/Versions/A/Frameworks/CarbonCore.framework/Versions/A/CarbonCore
0x0000000002341000 	/System/Library/Frameworks/CoreServices.framework/Versions/A/Frameworks/Metadata.framework/Versions/A/Metadata
0x0000000002341000 	/System/Library/Frameworks/CoreServices.framework/Versions/A/Frameworks/OSServices.framework/Versions/A/OSServices
0x0000000002341000 	/System/Library/Frameworks/CoreServices.framework/Versions/A/Frameworks/SearchKit.framework/Versions/A/SearchKit
0x0000000002341000 	/System/Library/Frameworks/CoreServices.framework/Versions/A/Frameworks/AE.framework/Versions/A/AE
0x0000000002341000 	/System/Library/Frameworks/CoreServices.framework/Versions/A/Frameworks/LaunchServices.framework/Versions/A/LaunchServices
0x0000000002341000 	/System/Library/Frameworks/CoreServices.framework/Versions/A/Frameworks/DictionaryServices.framework/Versions/A/DictionaryServices
0x0000000002341000 	/System/Library/Frameworks/NetFS.framework/Versions/A/NetFS
0x0000000002341000 	/usr/lib/system/libkxld.dylib
0x0000000002341000 	/System/Library/PrivateFrameworks/NetAuth.framework/Versions/A/NetAuth
0x0000000002341000 	/System/Library/PrivateFrameworks/TCC.framework/Versions/A/TCC
0x0000000002341000 	/System/Library/Frameworks/OpenDirectory.framework/Versions/A/Frameworks/CFOpenDirectory.framework/Versions/A/CFOpenDirectory
0x0000000002341000 	/System/Library/Frameworks/ServiceManagement.framework/Versions/A/ServiceManagement
0x0000000002341000 	/usr/lib/libxslt.1.dylib
0x0000000002341000 	/System/Library/Frameworks/Carbon.framework/Versions/A/Frameworks/Ink.framework/Versions/A/Ink
0x0000000002341000 	/System/Library/Frameworks/ApplicationServices.framework/Versions/A/Frameworks/ATS.framework/Versions/A/ATS
0x0000000002341000 	/System/Library/Frameworks/ApplicationServices.framework/Versions/A/Frameworks/ColorSync.framework/Versions/A/ColorSync
0x0000000002341000 	/System/Library/Frameworks/ApplicationServices.framework/Versions/A/Frameworks/HIServices.framework/Versions/A/HIServices
0x0000000002341000 	/System/Library/Frameworks/ApplicationServices.framework/Versions/A/Frameworks/LangAnalysis.framework/Versions/A/LangAnalysis
0x0000000002341000 	/System/Library/Frameworks/ApplicationServices.framework/Versions/A/Frameworks/PrintCore.framework/Versions/A/PrintCore
0x0000000002341000 	/System/Library/Frameworks/ApplicationServices.framework/Versions/A/Frameworks/QD.framework/Versions/A/QD
0x0000000002341000 	/System/Library/Frameworks/ApplicationServices.framework/Versions/A/Frameworks/SpeechSynthesis.framework/Versions/A/SpeechSynthesis
0x0000000002341000 	/System/Library/Frameworks/IOSurface.framework/Versions/A/IOSurface
0x0000000002341000 	/System/Library/Frameworks/Accelerate.framework/Versions/A/Accelerate
0x0000000002341000 	/System/Library/Frameworks/Accelerate.framework/Versions/A/Frameworks/vImage.framework/Versions/A/vImage
0x0000000002341000 	/System/Library/Frameworks/Accelerate.framework/Versions/A/Frameworks/vecLib.framework/Versions/A/vecLib
0x0000000002341000 	/System/Library/Frameworks/Accelerate.framework/Versions/A/Frameworks/vecLib.framework/Versions/A/libvDSP.dylib
0x0000000002341000 	/System/Library/Frameworks/Accelerate.framework/Versions/A/Frameworks/vecLib.framework/Versions/A/libvMisc.dylib
0x0000000002341000 	/System/Library/Frameworks/Accelerate.framework/Versions/A/Frameworks/vecLib.framework/Versions/A/libLAPACK.dylib
0x0000000002341000 	/System/Library/Frameworks/Accelerate.framework/Versions/A/Frameworks/vecLib.framework/Versions/A/libBLAS.dylib
0x0000000002341000 	/System/Library/Frameworks/ApplicationServices.framework/Versions/A/Frameworks/ATS.framework/Versions/A/Resources/libFontParser.dylib
0x0000000002341000 	/System/Library/Frameworks/ApplicationServices.framework/Versions/A/Frameworks/ATS.framework/Versions/A/Resources/libFontRegistry.dylib
0x0000000002341000 	/System/Library/Frameworks/ImageIO.framework/Versions/A/Resources/libJPEG.dylib
0x0000000002341000 	/System/Library/Frameworks/ImageIO.framework/Versions/A/Resources/libTIFF.dylib
0x0000000002341000 	/System/Library/Frameworks/ImageIO.framework/Versions/A/Resources/libPng.dylib
0x0000000002341000 	/System/Library/Frameworks/ImageIO.framework/Versions/A/Resources/libGIF.dylib
0x0000000002341000 	/System/Library/Frameworks/ImageIO.framework/Versions/A/Resources/libJP2.dylib
0x0000000002341000 	/System/Library/Frameworks/ImageIO.framework/Versions/A/Resources/libRadiance.dylib
0x0000000002341000 	/usr/lib/libcups.2.dylib
0x0000000002341000 	/System/Library/Frameworks/Kerberos.framework/Versions/A/Kerberos
0x0000000002341000 	/System/Library/Frameworks/GSS.framework/Versions/A/GSS
0x0000000002341000 	/usr/lib/libresolv.9.dylib
0x0000000002341000 	/usr/lib/libiconv.2.dylib
0x0000000002341000 	/System/Library/PrivateFrameworks/Heimdal.framework/Versions/A/Heimdal
0x0000000002341000 	/System/Library/PrivateFrameworks/TrustEvaluationAgent.framework/Versions/A/TrustEvaluationAgent
0x0000000002341000 	/usr/lib/libheimdal-asn1.dylib
0x0000000002341000 	/System/Library/Frameworks/OpenDirectory.framework/Versions/A/OpenDirectory
0x0000000002341000 	/System/Library/PrivateFrameworks/CommonAuth.framework/Versions/A/CommonAuth
0x0000000002341000 	/System/Library/Frameworks/SecurityFoundation.framework/Versions/A/SecurityFoundation
0x0000000002341000 	/System/Library/PrivateFrameworks/Bom.framework/Versions/A/Bom
0x0000000002341000 	/System/Library/Frameworks/CoreVideo.framework/Versions/A/CoreVideo
0x0000000002341000 	/System/Library/Frameworks/QuartzCore.framework/Versions/A/Frameworks/CoreImage.framework/Versions/A/CoreImage
0x0000000002341000 	/System/Library/Frameworks/QuartzCore.framework/Versions/A/Frameworks/ScalableUserInterface.framework/Versions/A/ScalableUserInterface
0x0000000002341000 	/System/Library/Frameworks/OpenGL.framework/Versions/A/Libraries/libGLU.dylib
0x0000000002341000 	/System/Library/Frameworks/OpenGL.framework/Versions/A/Libraries/libGFXShared.dylib
0x0000000002341000 	/System/Library/Frameworks/OpenGL.framework/Versions/A/Libraries/libGL.dylib
0x0000000002341000 	/System/Library/Frameworks/OpenGL.framework/Versions/A/Libraries/libGLImage.dylib
0x0000000002341000 	/System/Library/Frameworks/OpenGL.framework/Versions/A/Libraries/libCVMSPluginSupport.dylib
0x0000000002341000 	/System/Library/Frameworks/OpenGL.framework/Versions/A/Libraries/libCoreVMClient.dylib
0x0000000002341000 	/System/Library/PrivateFrameworks/FaceCore.framework/Versions/A/FaceCore
0x0000000002341000 	/System/Library/PrivateFrameworks/CrashReporterSupport.framework/Versions/A/CrashReporterSupport
0x0000000002341000 	/System/Library/Frameworks/OpenCL.framework/Versions/A/OpenCL
0x0000000002341000 	/System/Library/PrivateFrameworks/AppleFSCompression.framework/Versions/A/AppleFSCompression
0x0000000002341000 	/System/Library/PrivateFrameworks/Ubiquity.framework/Versions/A/Ubiquity
0x0000000002341000 	/System/Library/PrivateFrameworks/IconServices.framework/Versions/A/IconServices
0x0000000002341000 	/System/Library/PrivateFrameworks/ChunkingLibrary.framework/Versions/A/ChunkingLibrary
0x0000000002341000 	/System/Library/PrivateFrameworks/CoreSymbolication.framework/Versions/A/CoreSymbolication
0x0000000002341000 	/System/Library/PrivateFrameworks/Symbolication.framework/Versions/A/Symbolication
0x0000000002341000 	/System/Library/PrivateFrameworks/DebugSymbols.framework/Versions/A/DebugSymbols
0x0000000106a00000 	/Library/Java/JavaVirtualMachines/jdk1.7.0_51.jdk/Contents/Home/jre/lib/server/libjvm.dylib
0x0000000002341000 	/usr/lib/libstdc++.6.dylib
0x0000000105940000 	/Library/Java/JavaVirtualMachines/jdk1.7.0_51.jdk/Contents/Home/jre/lib/libverify.dylib
0x000000010594d000 	/Library/Java/JavaVirtualMachines/jdk1.7.0_51.jdk/Contents/Home/jre/lib/libjava.dylib
0x000000010597e000 	/Library/Java/JavaVirtualMachines/jdk1.7.0_51.jdk/Contents/Home/jre/lib/libjdwp.dylib
0x00000001059bb000 	/Library/Java/JavaVirtualMachines/jdk1.7.0_51.jdk/Contents/Home/jre/lib/libnpt.dylib
0x00000001059c8000 	/Library/Java/JavaVirtualMachines/jdk1.7.0_51.jdk/Contents/Home/jre/lib/libzip.dylib
0x0000000111d22000 	/System/Library/Frameworks/JavaVM.framework/Frameworks/JavaRuntimeSupport.framework/JavaRuntimeSupport
0x0000000111d3a000 	/System/Library/Frameworks/JavaVM.framework/Versions/A/Frameworks/JavaNativeFoundation.framework/Versions/A/JavaNativeFoundation
0x0000000111d4f000 	/System/Library/Frameworks/JavaVM.framework/Versions/A/JavaVM
0x0000000002341000 	/System/Library/Frameworks/Carbon.framework/Versions/A/Carbon
0x0000000111d5c000 	/System/Library/PrivateFrameworks/JavaLaunching.framework/Versions/A/JavaLaunching
0x0000000002341000 	/System/Library/Frameworks/Carbon.framework/Versions/A/Frameworks/CommonPanels.framework/Versions/A/CommonPanels
0x0000000002341000 	/System/Library/Frameworks/Carbon.framework/Versions/A/Frameworks/Help.framework/Versions/A/Help
0x0000000002341000 	/System/Library/Frameworks/Carbon.framework/Versions/A/Frameworks/ImageCapture.framework/Versions/A/ImageCapture
0x0000000002341000 	/System/Library/Frameworks/Carbon.framework/Versions/A/Frameworks/OpenScripting.framework/Versions/A/OpenScripting
0x0000000002341000 	/System/Library/Frameworks/Carbon.framework/Versions/A/Frameworks/Print.framework/Versions/A/Print
0x0000000002341000 	/System/Library/Frameworks/Carbon.framework/Versions/A/Frameworks/SecurityHI.framework/Versions/A/SecurityHI
0x0000000111f71000 	/Library/Java/JavaVirtualMachines/jdk1.7.0_51.jdk/Contents/Home/jre/lib/libdt_socket.dylib
0x0000000112a72000 	/Library/Java/JavaVirtualMachines/jdk1.7.0_51.jdk/Contents/Home/jre/lib/libnio.dylib
0x0000000112a81000 	/Library/Java/JavaVirtualMachines/jdk1.7.0_51.jdk/Contents/Home/jre/lib/./libnet.dylib

VM Arguments:
jvm_args: -agentlib:jdwp=transport=dt_socket,suspend=y,address=localhost:55648 -Dfile.encoding=UTF-8 
java_command: server.Main
Launcher Type: SUN_STANDARD

Environment Variables:
PATH=/usr/bin:/bin:/usr/sbin:/sbin
SHELL=/bin/bash
DISPLAY=/tmp/launch-kFZ4qM/org.macosforge.xquartz:0

Signal Handlers:
SIGSEGV: [libjvm.dylib+0x525425], sa_mask[0]=0xfffefeff, sa_flags=0x00000043
SIGBUS: [libjvm.dylib+0x525425], sa_mask[0]=0xfffefeff, sa_flags=0x00000042
SIGFPE: [libjvm.dylib+0x41892a], sa_mask[0]=0xfffefeff, sa_flags=0x00000042
SIGPIPE: [libjvm.dylib+0x41892a], sa_mask[0]=0xfffefeff, sa_flags=0x00000042
SIGXFSZ: [libjvm.dylib+0x41892a], sa_mask[0]=0xfffefeff, sa_flags=0x00000042
SIGILL: [libjvm.dylib+0x41892a], sa_mask[0]=0xfffefeff, sa_flags=0x00000042
SIGUSR1: SIG_DFL, sa_mask[0]=0x00000000, sa_flags=0x00000002
SIGUSR2: [libjvm.dylib+0x41841c], sa_mask[0]=0x00000004, sa_flags=0x00000042
SIGHUP: [libjvm.dylib+0x4166ab], sa_mask[0]=0xfffefeff, sa_flags=0x00000042
SIGINT: [libjvm.dylib+0x4166ab], sa_mask[0]=0xfffefeff, sa_flags=0x00000042
SIGTERM: [libjvm.dylib+0x4166ab], sa_mask[0]=0xfffefeff, sa_flags=0x00000042
SIGQUIT: [libjvm.dylib+0x4166ab], sa_mask[0]=0xfffefeff, sa_flags=0x00000042


---------------  S Y S T E M  ---------------

OS:Bsduname:Darwin 13.4.0 Darwin Kernel Version 13.4.0: Sun Aug 17 19:50:11 PDT 2014; root:xnu-2422.115.4~1/RELEASE_X86_64 x86_64
rlimit: STACK 8192k, CORE 0k, NPROC 709, NOFILE 10240, AS infinity
load average:3.57 3.90 4.09

CPU:total 8 (4 cores per cpu, 2 threads per core) family 6 model 58 stepping 9, cmov, cx8, fxsr, mmx, sse, sse2, sse3, ssse3, sse4.1, sse4.2, popcnt, avx, aes, erms, ht, tsc, tscinvbit, tscinv

Memory: 4k page, physical 8388608k(2097152k free)

/proc/meminfo:


vm_info: Java HotSpot(TM) 64-Bit Server VM (24.51-b03) for bsd-amd64 JRE (1.7.0_51-b13), built on Dec 18 2013 18:45:56 by "java_re" with gcc 4.2.1 (Based on Apple Inc. build 5658) (LLVM build 2336.11.00)

time: Mon Sep 29 14:43:52 2014
elapsed time: 686 seconds

